http://mlb.mlb.com/mlb/gameday/index.jsp?gid=2012_03_28_seamlb_oakmlb_1&mode=plays
22 innings
4 atbats
5 atbats
3 atbats
3 atbats
5 atbats
3 atbats
5 atbats
5 atbats
3 atbats
4 atbats
5 atbats
6 atbats
3 atbats
4 atbats
4 atbats
3 atbats
4 atbats
4 atbats
4 atbats
5 atbats
10 atbats
7 atbats
22
	4
	5
	3
	3
	5
	3
	5
	5
	3
	4
	5
	6
	3
	4
	4
	3
	4
	4
	4
	5
	10
	7
[['Chone Figgins grounds out, shortstop Cliff Pennington to first baseman Brandon Allen.', 'Dustin Ackley grounds out, second baseman Jemile Weeks to first baseman Brandon Allen.', 'Ichiro Suzuki singles on a soft ground ball to shortstop Cliff Pennington, deflected by pitcher Brandon McCarthy.', 'Justin Smoak strikes out swinging.'], ['Jemile Weeks singles on a line drive to center fielder Michael Saunders.', 'Cliff Pennington flies out to center fielder Michael Saunders.', 'With Coco Crisp batting, Jemile Weeks steals (1) 2nd base.', 'Coco Crisp grounds out, second baseman Dustin Ackley to first baseman Justin Smoak.    Jemile Weeks to 3rd.', 'Seth Smith strikes out swinging.'], ['Jesus Montero grounds out, third baseman Eric Sogard to first baseman Brandon Allen.', 'Mike Carp grounds out to first baseman Brandon Allen.', 'Miguel Olivo grounds out, second baseman Jemile Weeks to first baseman Brandon Allen.'], ['Kurt Suzuki called out on strikes.', 'Josh Reddick grounds out, second baseman Dustin Ackley to first baseman Justin Smoak.', 'Yoenis Cespedes strikes out swinging, catcher Miguel Olivo to first baseman Justin Smoak.'], ['Michael Saunders singles on a line drive to right fielder Josh Reddick.', 'With Brendan Ryan batting, Michael Saunders steals (1) 2nd base.', "Brendan Ryan reaches on a fielder's choice out, shortstop Cliff Pennington to third baseman Eric Sogard.    Michael Saunders out at 3rd.", 'With Chone Figgins batting, Brendan Ryan caught stealing 2nd base, catcher Kurt Suzuki to shortstop Cliff Pennington.', 'Chone Figgins grounds out, second baseman Jemile Weeks to first baseman Brandon Allen.'], ['Brandon Allen strikes out swinging.', 'Eric Sogard grounds out, second baseman Dustin Ackley to first baseman Justin Smoak.', 'Jemile Weeks lines out to center fielder Michael Saunders.'], ['Dustin Ackley homers (1) on a fly ball to center field.', 'Ichiro Suzuki singles on a ground ball to shortstop Cliff Pennington.', 'Justin Smoak grounds out, second baseman Jemile Weeks to first baseman Brandon Allen.    Ichiro Suzuki to 2nd.', 'Jesus Montero lines out to right fielder Josh Reddick.', 'Mike Carp flies out to left fielder Coco Crisp.'], ['Cliff Pennington doubles (1) on a line drive to center fielder Michael Saunders.', 'Coco Crisp grounds out softly to first baseman Justin Smoak.    Cliff Pennington to 3rd.', 'Seth Smith grounds out to first baseman Justin Smoak.', 'Kurt Suzuki doubles (1) on a line drive to left fielder Mike Carp.    Cliff Pennington scores.', 'Josh Reddick pops out to third baseman Chone Figgins in foul territory.'], ['Miguel Olivo reaches on throwing error by third baseman Eric Sogard.', 'Michael Saunders grounds into double play, second baseman Jemile Weeks to shortstop Cliff Pennington to first baseman Brandon Allen.    Miguel Olivo out at 2nd.', 'Brendan Ryan grounds out, shortstop Cliff Pennington to first baseman Brandon Allen.'], ['Yoenis Cespedes hit by pitch.', 'Brandon Allen called out on strikes.', 'Eric Sogard grounds out to first baseman Justin Smoak.    Yoenis Cespedes to 2nd.', 'Jemile Weeks called out on strikes.'], ['Chone Figgins singles on a ground ball to center fielder Yoenis Cespedes.', 'Dustin Ackley called out on strikes.', 'Ichiro Suzuki singles on a ground ball to center fielder Yoenis Cespedes.    Chone Figgins to 2nd.', 'Justin Smoak lines out to left fielder Coco Crisp.', 'Jesus Montero grounds into a force out, shortstop Cliff Pennington to second baseman Jemile Weeks.    Ichiro Suzuki out at 2nd.'], ['Cliff Pennington singles on a line drive to right fielder Ichiro Suzuki.', 'With Coco Crisp batting, Cliff Pennington steals (1) 2nd base.', 'Coco Crisp flies out to left fielder Mike Carp.    Cliff Pennington to 3rd.', 'Seth Smith hit by pitch.', 'Kurt Suzuki pops out to shortstop Brendan Ryan.', 'Josh Reddick lines out to left fielder Mike Carp.'], ['Mike Carp pops out to third baseman Eric Sogard in foul territory.', 'Miguel Olivo flies out to center fielder Yoenis Cespedes.', 'Michael Saunders strikes out swinging.'], ['Yoenis Cespedes doubles (1) on a line drive to center fielder Michael Saunders.', 'Brandon Allen bunt pops out to third baseman Chone Figgins.', 'Eric Sogard lines out to pitcher Felix Hernandez.', 'Jemile Weeks grounds out, second baseman Dustin Ackley to first baseman Justin Smoak.'], ['Pitcher Change: Ryan Cook replaces Brandon McCarthy.', 'Brendan Ryan grounds out, third baseman Eric Sogard to first baseman Brandon Allen.', 'Chone Figgins strikes out swinging.', 'Dustin Ackley flies out to left fielder Coco Crisp.'], ['Cliff Pennington grounds out, shortstop Brendan Ryan to first baseman Justin Smoak.', 'Coco Crisp flies out to left fielder Mike Carp.', 'Seth Smith flies out to left fielder Mike Carp.'], ['Pitcher Change: Grant Balfour replaces Ryan Cook.', 'Ichiro Suzuki flies out to left fielder Coco Crisp.', 'Justin Smoak grounds out, second baseman Jemile Weeks to pitcher Grant Balfour.', 'Jesus Montero flies out to center fielder Yoenis Cespedes.'], ['Pitcher Change: Tom Wilhelmsen replaces Felix Hernandez.', 'Kurt Suzuki flies out to center fielder Michael Saunders.', 'Josh Reddick flies out to left fielder Mike Carp.', 'Yoenis Cespedes strikes out on foul tip.'], ['Pitcher Change: Brian Fuentes replaces Grant Balfour.', 'Mike Carp pops out to catcher Kurt Suzuki in foul territory.', 'Miguel Olivo grounds out, shortstop Cliff Pennington to first baseman Brandon Allen.', 'Michael Saunders flies out to right fielder Josh Reddick.'], ['Brandon Allen reaches on throwing error by second baseman Dustin Ackley.', 'Offensive Substitution: Pinch runner Collin Cowgill replaces Brandon Allen.', 'With Eric Sogard batting, Collin Cowgill caught stealing 2nd base, catcher Miguel Olivo to shortstop Brendan Ryan.', 'Eric Sogard flies out to center fielder Michael Saunders.', 'Jemile Weeks called out on strikes.'], ['Defensive Substitution:  Adam Rosales replaces Collin Cowgill, batting 8th, playing first base.', 'Pitcher Change: Andrew Carignan replaces Brian Fuentes.', 'Brendan Ryan doubles (1) on a line drive to left fielder Coco Crisp.', 'Chone Figgins out on a sacrifice bunt, third baseman Eric Sogard to second baseman Jemile Weeks.    Brendan Ryan to 3rd.', 'Dustin Ackley singles on a line drive to center fielder Yoenis Cespedes.    Brendan Ryan scores.', 'Coaching visit to mound.', 'Pitcher Change: Jerry Blevins replaces Andrew Carignan.', 'With Ichiro Suzuki batting, Dustin Ackley steals (1) 2nd base.', 'Ichiro Suzuki singles on a line drive to center fielder Yoenis Cespedes.    Dustin Ackley scores.  Ichiro Suzuki out at 2nd on the throw, center fielder Yoenis Cespedes to first baseman Adam Rosales to shortstop Cliff Pennington to second baseman Jemile Weeks.', 'Justin Smoak pops out to catcher Kurt Suzuki.'], ['Defensive Substitution:  Casper Wells replaces left fielder Mike Carp, batting 6th, playing left field.', 'Pitcher Change: Brandon League replaces Tom Wilhelmsen.', 'Cliff Pennington flies out to left fielder Casper Wells.', 'Coco Crisp called out on strikes.', 'Seth Smith singles on a ground ball to center fielder Michael Saunders.', 'With Kurt Suzuki batting, Seth Smith advances to 2nd on defensive indifference.', 'Kurt Suzuki strikes out swinging.']]
